[0118/124859.342:ERROR:directory_reader_win.cc(43)] FindFirstFile: Системе не удается найти указанный путь. (0x3)
[0118/153053.779:ERROR:process_info.cc(359)] UncheckedAllocate
[0118/153053.813:ERROR:filesystem_win.cc(129)] GetFileAttributes C:\Users\Kirill\AppData\Local\Google\Chrome\User Data\Crashpad\attachments\6fd75aee-5c5e-4d75-ae42-fd1d43da7335: Системе не удается найти указанный путь. (0x3)
[0118/153058.779:ERROR:process_info.cc(359)] UncheckedAllocate
[0118/193938.963:ERROR:directory_reader_win.cc(43)] FindFirstFile: Системе не удается найти указанный путь. (0x3)
[0119/143630.284:ERROR:directory_reader_win.cc(43)] FindFirstFile: Системе не удается найти указанный путь. (0x3)
[0119/200250.026:ERROR:directory_reader_win.cc(43)] FindFirstFile: Системе не удается найти указанный путь. (0x3)
[0120/005924.430:ERROR:filesystem_win.cc(129)] GetFileAttributes C:\Users\Kirill\AppData\Local\Google\Chrome\User Data\Crashpad\attachments\66aa1062-39f9-4a18-b35e-984a60c34d98: Системе не удается найти указанный путь. (0x3)
[0120/014834.991:ERROR:directory_reader_win.cc(43)] FindFirstFile: Системе не удается найти указанный путь. (0x3)
[0120/032600.917:ERROR:filesystem_win.cc(129)] GetFileAttributes C:\Users\Kirill\AppData\Local\Google\Chrome\User Data\Crashpad\attachments\db09b3e6-ecde-4bff-9972-cf57718e4d24: Системе не удается найти указанный путь. (0x3)
[0120/033637.797:ERROR:directory_reader_win.cc(43)] FindFirstFile: Системе не удается найти указанный путь. (0x3)
[0122/125944.132:ERROR:directory_reader_win.cc(43)] FindFirstFile: Системе не удается найти указанный путь. (0x3)
[0122/153751.857:ERROR:filesystem_win.cc(129)] GetFileAttributes C:\Users\Kirill\AppData\Local\Google\Chrome\User Data\Crashpad\attachments\daa6fb61-2287-4c0e-9f49-3cd230a9b7b4: Системе не удается найти указанный путь. (0x3)
[0123/002430.682:ERROR:directory_reader_win.cc(43)] FindFirstFile: Системе не удается найти указанный путь. (0x3)
[0124/030117.248:ERROR:directory_reader_win.cc(43)] FindFirstFile: Системе не удается найти указанный путь. (0x3)
[0124/143726.740:ERROR:directory_reader_win.cc(43)] FindFirstFile: Системе не удается найти указанный путь. (0x3)
[0124/195420.130:ERROR:process_info.cc(359)] UncheckedAllocate
[0124/195420.154:ERROR:filesystem_win.cc(148)] DeleteFile C:\Users\Kirill\AppData\Local\Google\Chrome\User Data\Crashpad\reports\418978fd-2953-4be6-bcda-47a5054fe57c.dmp: Процесс не может получить доступ к файлу, так как этот файл занят другим процессом. (0x20)
[0124/195420.166:ERROR:filesystem_win.cc(129)] GetFileAttributes C:\Users\Kirill\AppData\Local\Google\Chrome\User Data\Crashpad\attachments\60550ca1-c640-4425-8394-073695f21ae5: Системе не удается найти указанный путь. (0x3)
[0124/195921.727:ERROR:scoped_process_suspend.cc(31)] NtSuspendProcess: Попытка доступа к процессу, выполняющему процедуру завершения. (0xc000010a)
[0124/195921.727:ERROR:process_info.cc(118)] ReadProcessMemory bool __cdecl crashpad::(anonymous namespace)::ReadStruct(HANDLE, crashpad::WinVMAddress, T *) [T = crashpad::process_types::PEB<crashpad::process_types::internal::Traits64>]: Запрос ReadProcessMemory или WriteProcessMemory был выполнен только частично. (0x12B)
[0124/195921.728:ERROR:process_info.cc(551)] ReadProcessData failed
[0124/195921.726:ERROR:file_io.cc(135)] WriteFile: Идет закрытие канала. (0xE8)
[0124/195921.726:ERROR:file_io.cc(135)] WriteFile: Идет закрытие канала. (0xE8)
[0124/203357.170:ERROR:directory_reader_win.cc(43)] FindFirstFile: Системе не удается найти указанный путь. (0x3)
